1497311884387	geckodriver	INFO	Listening on 127.0.0.1:61928
1497311885574	geckodriver::marionette	INFO	Starting browser /Applications/Firefox.app/Contents/MacOS/firefox-bin with args ["-marionette"]
1497311889094	Marionette	INFO	Listening on port 61935
1497311889213	Marionette	WARN	TLS certificate errors will be ignored for this session
2017-06-12 18:58:09.992 plugin-container[23320:430271] *** CFMessagePort: bootstrap_register(): failed 1100 (0x44c) 'Permission denied', port = 0x8c33, name = 'com.apple.tsm.portname'
See /usr/include/servers/bootstrap_defs.h for the error codes.
2017-06-12 18:58:09.998 plugin-container[23320:430271] *** CFMessagePort: bootstrap_register(): failed 1100 (0x44c) 'Permission denied', port = 0x9117, name = 'com.apple.CFPasteboardClient'
See /usr/include/servers/bootstrap_defs.h for the error codes.
2017-06-12 18:58:09.998 plugin-container[23320:430271] void __CFPasteboardSetup() : Failed to allocate communication port for com.apple.CFPasteboardClient; this is likely due to sandbox restrictions
1497311897423	Marionette	INFO	New connections will no longer be accepted
1497311897668	geckodriver	INFO	Listening on 127.0.0.1:62073
1497311898826	geckodriver::marionette	INFO	Starting browser /Applications/Firefox.app/Contents/MacOS/firefox-bin with args ["-marionette"]
1497311902024	Marionette	INFO	Listening on port 62080
1497311902117	Marionette	WARN	TLS certificate errors will be ignored for this session
2017-06-12 18:58:22.849 plugin-container[23325:430873] *** CFMessagePort: bootstrap_register(): failed 1100 (0x44c) 'Permission denied', port = 0x8b3b, name = 'com.apple.tsm.portname'
See /usr/include/servers/bootstrap_defs.h for the error codes.
2017-06-12 18:58:22.850 plugin-container[23325:430873] *** CFMessagePort: bootstrap_register(): failed 1100 (0x44c) 'Permission denied', port = 0x4c27, name = 'com.apple.CFPasteboardClient'
See /usr/include/servers/bootstrap_defs.h for the error codes.
2017-06-12 18:58:22.850 plugin-container[23325:430873] void __CFPasteboardSetup() : Failed to allocate communication port for com.apple.CFPasteboardClient; this is likely due to sandbox restrictions
1497311916629	Marionette	INFO	New connections will no longer be accepted
1497311916872	geckodriver	INFO	Listening on 127.0.0.1:62194
1497311917136	geckodriver::marionette	INFO	Starting browser /Applications/Firefox.app/Contents/MacOS/firefox-bin with args ["-marionette"]
1497311920357	Marionette	INFO	Listening on port 62198
1497311920523	Marionette	WARN	TLS certificate errors will be ignored for this session
2017-06-12 18:58:41.280 plugin-container[23328:431458] *** CFMessagePort: bootstrap_register(): failed 1100 (0x44c) 'Permission denied', port = 0x8b33, name = 'com.apple.tsm.portname'
See /usr/include/servers/bootstrap_defs.h for the error codes.
2017-06-12 18:58:41.282 plugin-container[23328:431458] *** CFMessagePort: bootstrap_register(): failed 1100 (0x44c) 'Permission denied', port = 0x511f, name = 'com.apple.CFPasteboardClient'
See /usr/include/servers/bootstrap_defs.h for the error codes.
2017-06-12 18:58:41.282 plugin-container[23328:431458] void __CFPasteboardSetup() : Failed to allocate communication port for com.apple.CFPasteboardClient; this is likely due to sandbox restrictions
1497311922616	Marionette	INFO	New connections will no longer be accepted
1497312109453	geckodriver	INFO	Listening on 127.0.0.1:62316
1497312110653	geckodriver::marionette	INFO	Starting browser /Applications/Firefox.app/Contents/MacOS/firefox-bin with args ["-marionette"]
1497312113880	Marionette	INFO	Listening on port 62323
1497312113977	Marionette	WARN	TLS certificate errors will be ignored for this session
2017-06-12 19:01:54.754 plugin-container[23344:432735] *** CFMessagePort: bootstrap_register(): failed 1100 (0x44c) 'Permission denied', port = 0x8e33, name = 'com.apple.tsm.portname'
See /usr/include/servers/bootstrap_defs.h for the error codes.
2017-06-12 19:01:54.759 plugin-container[23344:432735] *** CFMessagePort: bootstrap_register(): failed 1100 (0x44c) 'Permission denied', port = 0x8f37, name = 'com.apple.CFPasteboardClient'
See /usr/include/servers/bootstrap_defs.h for the error codes.
2017-06-12 19:01:54.760 plugin-container[23344:432735] void __CFPasteboardSetup() : Failed to allocate communication port for com.apple.CFPasteboardClient; this is likely due to sandbox restrictions
1497312122334	Marionette	INFO	New connections will no longer be accepted
1497312122558	geckodriver	INFO	Listening on 127.0.0.1:62450
1497312123734	geckodriver::marionette	INFO	Starting browser /Applications/Firefox.app/Contents/MacOS/firefox-bin with args ["-marionette"]
1497312126906	Marionette	INFO	Listening on port 62457
1497312127064	Marionette	WARN	TLS certificate errors will be ignored for this session
2017-06-12 19:02:07.700 plugin-container[23348:433325] *** CFMessagePort: bootstrap_register(): failed 1100 (0x44c) 'Permission denied', port = 0x8b3f, name = 'com.apple.tsm.portname'
See /usr/include/servers/bootstrap_defs.h for the error codes.
2017-06-12 19:02:07.702 plugin-container[23348:433325] *** CFMessagePort: bootstrap_register(): failed 1100 (0x44c) 'Permission denied', port = 0x5107, name = 'com.apple.CFPasteboardClient'
See /usr/include/servers/bootstrap_defs.h for the error codes.
2017-06-12 19:02:07.702 plugin-container[23348:433325] void __CFPasteboardSetup() : Failed to allocate communication port for com.apple.CFPasteboardClient; this is likely due to sandbox restrictions
1497312140758	Marionette	INFO	New connections will no longer be accepted
1497312140970	geckodriver	INFO	Listening on 127.0.0.1:62574
1497312141219	geckodriver::marionette	INFO	Starting browser /Applications/Firefox.app/Contents/MacOS/firefox-bin with args ["-marionette"]
1497312144543	Marionette	INFO	Listening on port 62578
1497312144655	Marionette	WARN	TLS certificate errors will be ignored for this session
2017-06-12 19:02:25.367 plugin-container[23351:433907] *** CFMessagePort: bootstrap_register(): failed 1100 (0x44c) 'Permission denied', port = 0x8a3f, name = 'com.apple.tsm.portname'
See /usr/include/servers/bootstrap_defs.h for the error codes.
2017-06-12 19:02:25.368 plugin-container[23351:433907] *** CFMessagePort: bootstrap_register(): failed 1100 (0x44c) 'Permission denied', port = 0x4f17, name = 'com.apple.CFPasteboardClient'
See /usr/include/servers/bootstrap_defs.h for the error codes.
2017-06-12 19:02:25.368 plugin-container[23351:433907] void __CFPasteboardSetup() : Failed to allocate communication port for com.apple.CFPasteboardClient; this is likely due to sandbox restrictions
1497312146670	Marionette	INFO	New connections will no longer be accepted
1497312415071	geckodriver	INFO	Listening on 127.0.0.1:62699
1497312416274	geckodriver::marionette	INFO	Starting browser /Applications/Firefox.app/Contents/MacOS/firefox-bin with args ["-marionette"]
1497312419564	Marionette	INFO	Listening on port 62706
1497312419753	Marionette	WARN	TLS certificate errors will be ignored for this session
2017-06-12 19:07:00.442 plugin-container[23367:435269] *** CFMessagePort: bootstrap_register(): failed 1100 (0x44c) 'Permission denied', port = 0x8c3f, name = 'com.apple.tsm.portname'
See /usr/include/servers/bootstrap_defs.h for the error codes.
2017-06-12 19:07:00.448 plugin-container[23367:435269] *** CFMessagePort: bootstrap_register(): failed 1100 (0x44c) 'Permission denied', port = 0x4727, name = 'com.apple.CFPasteboardClient'
See /usr/include/servers/bootstrap_defs.h for the error codes.
2017-06-12 19:07:00.448 plugin-container[23367:435269] void __CFPasteboardSetup() : Failed to allocate communication port for com.apple.CFPasteboardClient; this is likely due to sandbox restrictions
1497312427951	Marionette	INFO	New connections will no longer be accepted
1497312428213	geckodriver	INFO	Listening on 127.0.0.1:62836
1497312429359	geckodriver::marionette	INFO	Starting browser /Applications/Firefox.app/Contents/MacOS/firefox-bin with args ["-marionette"]
1497312432571	Marionette	INFO	Listening on port 62843
1497312432698	Marionette	WARN	TLS certificate errors will be ignored for this session
2017-06-12 19:07:13.474 plugin-container[23371:435888] *** CFMessagePort: bootstrap_register(): failed 1100 (0x44c) 'Permission denied', port = 0x8b3b, name = 'com.apple.tsm.portname'
See /usr/include/servers/bootstrap_defs.h for the error codes.
2017-06-12 19:07:13.475 plugin-container[23371:435888] *** CFMessagePort: bootstrap_register(): failed 1100 (0x44c) 'Permission denied', port = 0x511b, name = 'com.apple.CFPasteboardClient'
See /usr/include/servers/bootstrap_defs.h for the error codes.
2017-06-12 19:07:13.475 plugin-container[23371:435888] void __CFPasteboardSetup() : Failed to allocate communication port for com.apple.CFPasteboardClient; this is likely due to sandbox restrictions
1497312446577	Marionette	INFO	New connections will no longer be accepted
1497312446788	geckodriver	INFO	Listening on 127.0.0.1:62957
1497312447992	geckodriver::marionette	INFO	Starting browser /Applications/Firefox.app/Contents/MacOS/firefox-bin with args ["-marionette"]
1497312451226	Marionette	INFO	Listening on port 62964
1497312451419	Marionette	WARN	TLS certificate errors will be ignored for this session
2017-06-12 19:07:32.024 plugin-container[23374:436477] *** CFMessagePort: bootstrap_register(): failed 1100 (0x44c) 'Permission denied', port = 0x8b4b, name = 'com.apple.tsm.portname'
See /usr/include/servers/bootstrap_defs.h for the error codes.
2017-06-12 19:07:32.024 plugin-container[23374:436477] *** CFMessagePort: bootstrap_register(): failed 1100 (0x44c) 'Permission denied', port = 0x8c2f, name = 'com.apple.CFPasteboardClient'
See /usr/include/servers/bootstrap_defs.h for the error codes.
2017-06-12 19:07:32.024 plugin-container[23374:436477] void __CFPasteboardSetup() : Failed to allocate communication port for com.apple.CFPasteboardClient; this is likely due to sandbox restrictions
1497312453335	Marionette	INFO	New connections will no longer be accepted
1497381245652	geckodriver	INFO	Listening on 127.0.0.1:57992
1497381247091	geckodriver::marionette	INFO	Starting browser /Applications/Firefox.app/Contents/MacOS/firefox-bin with args ["-marionette"]
1497381251034	Marionette	INFO	Listening on port 57999
1497381251209	Marionette	WARN	TLS certificate errors will be ignored for this session
2017-06-13 14:14:12.007 plugin-container[51360:644115] *** CFMessagePort: bootstrap_register(): failed 1100 (0x44c) 'Permission denied', port = 0x8d3f, name = 'com.apple.tsm.portname'
See /usr/include/servers/bootstrap_defs.h for the error codes.
2017-06-13 14:14:12.009 plugin-container[51360:644115] *** CFMessagePort: bootstrap_register(): failed 1100 (0x44c) 'Permission denied', port = 0x8c17, name = 'com.apple.CFPasteboardClient'
See /usr/include/servers/bootstrap_defs.h for the error codes.
2017-06-13 14:14:12.009 plugin-container[51360:644115] void __CFPasteboardSetup() : Failed to allocate communication port for com.apple.CFPasteboardClient; this is likely due to sandbox restrictions
1497381259064	Marionette	INFO	New connections will no longer be accepted
1497381259245	geckodriver	INFO	Listening on 127.0.0.1:58150
1497381260469	geckodriver::marionette	INFO	Starting browser /Applications/Firefox.app/Contents/MacOS/firefox-bin with args ["-marionette"]
1497381263848	Marionette	INFO	Listening on port 58157
1497381263954	Marionette	WARN	TLS certificate errors will be ignored for this session
2017-06-13 14:14:24.818 plugin-container[51364:644692] *** CFMessagePort: bootstrap_register(): failed 1100 (0x44c) 'Permission denied', port = 0x8d33, name = 'com.apple.tsm.portname'
See /usr/include/servers/bootstrap_defs.h for the error codes.
2017-06-13 14:14:24.819 plugin-container[51364:644692] *** CFMessagePort: bootstrap_register(): failed 1100 (0x44c) 'Permission denied', port = 0x8e1f, name = 'com.apple.CFPasteboardClient'
See /usr/include/servers/bootstrap_defs.h for the error codes.
2017-06-13 14:14:24.819 plugin-container[51364:644692] void __CFPasteboardSetup() : Failed to allocate communication port for com.apple.CFPasteboardClient; this is likely due to sandbox restrictions
1497381277436	Marionette	INFO	New connections will no longer be accepted
1497381277683	geckodriver	INFO	Listening on 127.0.0.1:58279
1497381277971	geckodriver::marionette	INFO	Starting browser /Applications/Firefox.app/Contents/MacOS/firefox-bin with args ["-marionette"]
1497381281407	Marionette	INFO	Listening on port 58283
1497381281596	Marionette	WARN	TLS certificate errors will be ignored for this session
2017-06-13 14:14:42.382 plugin-container[51367:645267] *** CFMessagePort: bootstrap_register(): failed 1100 (0x44c) 'Permission denied', port = 0x8e37, name = 'com.apple.tsm.portname'
See /usr/include/servers/bootstrap_defs.h for the error codes.
2017-06-13 14:14:42.383 plugin-container[51367:645267] *** CFMessagePort: bootstrap_register(): failed 1100 (0x44c) 'Permission denied', port = 0x910f, name = 'com.apple.CFPasteboardClient'
See /usr/include/servers/bootstrap_defs.h for the error codes.
2017-06-13 14:14:42.383 plugin-container[51367:645267] void __CFPasteboardSetup() : Failed to allocate communication port for com.apple.CFPasteboardClient; this is likely due to sandbox restrictions
1497381283176	Marionette	INFO	New connections will no longer be accepted
